<?xml version="1.0" encoding="UTF-8"?>
<!-- Generated by org.testng.reporters.JUnitReportReporter -->
<testsuite skipped="0" hostname="DESKTOP-SBAFFKQ" name="com.selenium.automation.helloworld" tests="1" failures="0" timestamp="21 Aug 2018 03:51:19 GMT" time="0.012" errors="0">
  <testcase name="test" time="0.012" classname="com.selenium.automation.helloworld"/>
</testsuite> <!-- com.selenium.automation.helloworld -->
