<?xml version="1.0" encoding="UTF-8"?>
<!-- Generated by org.testng.reporters.JUnitReportReporter -->
<testsuite hostname="DESKTOP-SBAFFKQ" name="com.selenium.automation.helloworldTest" tests="1" failures="0" timestamp="21 Aug 2018 04:37:34 GMT" time="0.006" errors="0">
  <testcase name="test" time="0.006" classname="com.selenium.automation.helloworldTest"/>
</testsuite> <!-- com.selenium.automation.helloworldTest -->
